{"numFailedTestSuites":1,"numFailedTests":10,"numPassedTestSuites":0,"numPassedTests":41,"numPendingTestSuites":0,"numPendingTests":0,"numRuntimeErrorTestSuites":0,"numTodoTests":0,"numTotalTestSuites":1,"numTotalTests":51,"openHandles":[],"snapshot":{"added":0,"didUpdate":false,"failure":false,"filesAdded":0,"filesRemoved":0,"filesRemovedList":[],"filesUnmatched":0,"filesUpdated":0,"matched":0,"total":0,"unchecked":0,"uncheckedKeysByFile":[],"unmatched":0,"updated":0},"startTime":1780895837918,"success":false,"testResults":[{"assertionResults":[{"ancestorTitles":["Creation E2E Tests","createCreation API","BUG-C001: SCRIPT_DRIVEN 模式 script_id 校验"],"duration":18,"failureDetails":[],"failureMessages":[],"fullName":"Creation E2E Tests createCreation API BUG-C001: SCRIPT_DRIVEN 模式 script_id 校验 BUG-C001-T1: 缺少 script_id 应返回 400 错误","invocations":1,"location":null,"numPassingAsserts":3,"retryReasons":[],"status":"passed","title":"BUG-C001-T1: 缺少 script_id 应返回 400 错误"},{"ancestorTitles":["Creation E2E Tests","createCreation API","BUG-C002: IMAGE_DRIVEN 模式 material_id 校验"],"duration":3,"failureDetails":[],"failureMessages":[],"fullName":"Creation E2E Tests createCreation API BUG-C002: IMAGE_DRIVEN 模式 material_id 校验 BUG-C002-T1: 缺少 material_id 应返回 400 错误","invocations":1,"location":null,"numPassingAsserts":3,"retryReasons":[],"status":"passed","title":"BUG-C002-T1: 缺少 material_id 应返回 400 错误"},{"ancestorTitles":["Creation E2E Tests","createCreation API","BUG-C003: product_id 校验"],"duration":2,"failureDetails":[],"failureMessages":[],"fullName":"Creation E2E Tests createCreation API BUG-C003: product_id 校验 BUG-C003-T1: 不存在的 product_id 应返回 404 错误","invocations":1,"location":null,"numPassingAsserts":3,"retryReasons":[],"status":"passed","title":"BUG-C003-T1: 不存在的 product_id 应返回 404 错误"},{"ancestorTitles":["Creation E2E Tests","createCreation API","BUG-C004: script_id 校验"],"duration":2,"failureDetails":[],"failureMessages":[],"fullName":"Creation E2E Tests createCreation API BUG-C004: script_id 校验 BUG-C004-T1: 不存在的 script_id 应返回 404 错误","invocations":1,"location":null,"numPassingAsserts":3,"retryReasons":[],"status":"passed","title":"BUG-C004-T1: 不存在的 script_id 应返回 404 错误"},{"ancestorTitles":["Creation E2E Tests","createCreation API","BUG-C004: script_id 校验"],"duration":2,"failureDetails":[],"failureMessages":[],"fullName":"Creation E2E Tests createCreation API BUG-C004: script_id 校验 BUG-C004-T2: script 与 product 不匹配应返回 400 错误","invocations":1,"location":null,"numPassingAsserts":3,"retryReasons":[],"status":"passed","title":"BUG-C004-T2: script 与 product 不匹配应返回 400 错误"},{"ancestorTitles":["Creation E2E Tests","createCreation API","BUG-C005: 分镜数量校验"],"duration":2,"failureDetails":[],"failureMessages":[],"fullName":"Creation E2E Tests createCreation API BUG-C005: 分镜数量校验 BUG-C005-T1: 分镜数量为 0 应返回 400 错误","invocations":1,"location":null,"numPassingAsserts":3,"retryReasons":[],"status":"passed","title":"BUG-C005-T1: 分镜数量为 0 应返回 400 错误"},{"ancestorTitles":["Creation E2E Tests","createCreation API","BUG-C005: 分镜数量校验"],"duration":3,"failureDetails":[],"failureMessages":[],"fullName":"Creation E2E Tests createCreation API BUG-C005: 分镜数量校验 BUG-C005-T2: 分镜数量超过限制应返回 400 错误","invocations":1,"location":null,"numPassingAsserts":3,"retryReasons":[],"status":"passed","title":"BUG-C005-T2: 分镜数量超过限制应返回 400 错误"},{"ancestorTitles":["Creation E2E Tests","createCreation API","createCreation 正常流程"],"duration":8046,"failureDetails":[{}],"failureMessages":["Error: \u001b[2mexpect(\u001b[22m\u001b[31mreceived\u001b[39m\u001b[2m).\u001b[22mtoMatchObject\u001b[2m(\u001b[22m\u001b[32mexpected\u001b[39m\u001b[2m)\u001b[22m\n\n\u001b[1mMatcher error\u001b[22m: \u001b[31mreceived\u001b[39m value must be a non-null object\n\nReceived has value: \u001b[31mundefined\u001b[39m\n    at Object.<anonymous> (D:\\字节\\apps\\server-gateway\\test\\creation.e2e-spec.ts:486:36)\n    at processTicksAndRejections (node:internal/process/task_queues:103:5)"],"fullName":"Creation E2E Tests createCreation API createCreation 正常流程 NORMAL-T1: SCRIPT_DRIVEN 模式应正确创建创作","invocations":1,"location":null,"numPassingAsserts":0,"retryReasons":[],"status":"failed","title":"NORMAL-T1: SCRIPT_DRIVEN 模式应正确创建创作"},{"ancestorTitles":["Creation E2E Tests","createCreation API","createCreation 正常流程"],"duration":7596,"failureDetails":[{}],"failureMessages":["TypeError: Cannot read properties of undefined (reading 'creation_id')\n    at Object.<anonymous> (D:\\字节\\apps\\server-gateway\\test\\creation.e2e-spec.ts:508:35)\n    at processTicksAndRejections (node:internal/process/task_queues:103:5)"],"fullName":"Creation E2E Tests createCreation API createCreation 正常流程 NORMAL-T2: 应正确处理所有可选参数","invocations":1,"location":null,"numPassingAsserts":0,"retryReasons":[],"status":"failed","title":"NORMAL-T2: 应正确处理所有可选参数"},{"ancestorTitles":["Creation E2E Tests","createCreation API","createCreation 正常流程"],"duration":7583,"failureDetails":[{"matcherResult":{"actual":false,"expected":true,"message":"\u001b[2mexpect(\u001b[22m\u001b[31mreceived\u001b[39m\u001b[2m).\u001b[22mtoBe\u001b[2m(\u001b[22m\u001b[32mexpected\u001b[39m\u001b[2m) // Object.is equality\u001b[22m\n\nExpected: \u001b[32mtrue\u001b[39m\nReceived: \u001b[31mfalse\u001b[39m","name":"toBe","pass":false}}],"failureMessages":["Error: \u001b[2mexpect(\u001b[22m\u001b[31mreceived\u001b[39m\u001b[2m).\u001b[22mtoBe\u001b[2m(\u001b[22m\u001b[32mexpected\u001b[39m\u001b[2m) // Object.is equality\u001b[22m\n\nExpected: \u001b[32mtrue\u001b[39m\nReceived: \u001b[31mfalse\u001b[39m\n    at Object.<anonymous> (D:\\字节\\apps\\server-gateway\\test\\creation.e2e-spec.ts:523:39)\n    at processTicksAndRejections (node:internal/process/task_queues:103:5)"],"fullName":"Creation E2E Tests createCreation API createCreation 正常流程 NORMAL-T3: 应正确处理目标语言参数","invocations":1,"location":null,"numPassingAsserts":0,"retryReasons":[],"status":"failed","title":"NORMAL-T3: 应正确处理目标语言参数"},{"ancestorTitles":["Creation E2E Tests","getCreationDetail API","BUG-C010: creation_id 校验"],"duration":3,"failureDetails":[],"failureMessages":[],"fullName":"Creation E2E Tests getCreationDetail API BUG-C010: creation_id 校验 BUG-C010-T1: 空 creation_id 应返回 400 错误","invocations":1,"location":null,"numPassingAsserts":3,"retryReasons":[],"status":"passed","title":"BUG-C010-T1: 空 creation_id 应返回 400 错误"},{"ancestorTitles":["Creation E2E Tests","getCreationDetail API","BUG-C010: creation_id 校验"],"duration":2,"failureDetails":[],"failureMessages":[],"fullName":"Creation E2E Tests getCreationDetail API BUG-C010: creation_id 校验 BUG-C010-T2: 无效的 UUID 格式应返回 400 错误","invocations":1,"location":null,"numPassingAsserts":3,"retryReasons":[],"status":"passed","title":"BUG-C010-T2: 无效的 UUID 格式应返回 400 错误"},{"ancestorTitles":["Creation E2E Tests","getCreationDetail API","BUG-C011: 创作不存在处理"],"duration":2,"failureDetails":[],"failureMessages":[],"fullName":"Creation E2E Tests getCreationDetail API BUG-C011: 创作不存在处理 BUG-C011-T1: 不存在的 creation_id 应返回 404 错误","invocations":1,"location":null,"numPassingAsserts":3,"retryReasons":[],"status":"passed","title":"BUG-C011-T1: 不存在的 creation_id 应返回 404 错误"},{"ancestorTitles":["Creation E2E Tests","getCreationDetail API","BUG-C012: 跨商品访问校验"],"duration":2,"failureDetails":[],"failureMessages":[],"fullName":"Creation E2E Tests getCreationDetail API BUG-C012: 跨商品访问校验 BUG-C012-T1: 指定 product_id 不匹配应返回 403 错误","invocations":1,"location":null,"numPassingAsserts":3,"retryReasons":[],"status":"passed","title":"BUG-C012-T1: 指定 product_id 不匹配应返回 403 错误"},{"ancestorTitles":["Creation E2E Tests","getCreationDetail API","getCreationDetail 正常流程"],"duration":2,"failureDetails":[],"failureMessages":[],"fullName":"Creation E2E Tests getCreationDetail API getCreationDetail 正常流程 NORMAL-T1: 应正确返回创作详情","invocations":1,"location":null,"numPassingAsserts":2,"retryReasons":[],"status":"passed","title":"NORMAL-T1: 应正确返回创作详情"},{"ancestorTitles":["Creation E2E Tests","getCreationDetail API","getCreationDetail 正常流程"],"duration":2,"failureDetails":[],"failureMessages":[],"fullName":"Creation E2E Tests getCreationDetail API getCreationDetail 正常流程 NORMAL-T2: 应正确包含 shot_renders","invocations":1,"location":null,"numPassingAsserts":3,"retryReasons":[],"status":"passed","title":"NORMAL-T2: 应正确包含 shot_renders"},{"ancestorTitles":["Creation E2E Tests","cancelCreation API","BUG-C020: creation_id 校验"],"duration":1,"failureDetails":[],"failureMessages":[],"fullName":"Creation E2E Tests cancelCreation API BUG-C020: creation_id 校验 BUG-C020-T1: 空 creation_id 应返回 400 错误","invocations":1,"location":null,"numPassingAsserts":3,"retryReasons":[],"status":"passed","title":"BUG-C020-T1: 空 creation_id 应返回 400 错误"},{"ancestorTitles":["Creation E2E Tests","cancelCreation API","BUG-C021: 创作不存在处理"],"duration":2,"failureDetails":[],"failureMessages":[],"fullName":"Creation E2E Tests cancelCreation API BUG-C021: 创作不存在处理 BUG-C021-T1: 不存在的 creation_id 应返回 404 错误","invocations":1,"location":null,"numPassingAsserts":3,"retryReasons":[],"status":"passed","title":"BUG-C021-T1: 不存在的 creation_id 应返回 404 错误"},{"ancestorTitles":["Creation E2E Tests","cancelCreation API","BUG-C022: 状态不允许取消"],"duration":1,"failureDetails":[],"failureMessages":[],"fullName":"Creation E2E Tests cancelCreation API BUG-C022: 状态不允许取消 BUG-C022-T1: FINISHED 状态应返回 409 错误","invocations":1,"location":null,"numPassingAsserts":3,"retryReasons":[],"status":"passed","title":"BUG-C022-T1: FINISHED 状态应返回 409 错误"},{"ancestorTitles":["Creation E2E Tests","cancelCreation API","BUG-C022: 状态不允许取消"],"duration":2,"failureDetails":[],"failureMessages":[],"fullName":"Creation E2E Tests cancelCreation API BUG-C022: 状态不允许取消 BUG-C022-T2: FAILED 状态应返回 409 错误","invocations":1,"location":null,"numPassingAsserts":3,"retryReasons":[],"status":"passed","title":"BUG-C022-T2: FAILED 状态应返回 409 错误"},{"ancestorTitles":["Creation E2E Tests","cancelCreation API","BUG-C022: 状态不允许取消"],"duration":1,"failureDetails":[],"failureMessages":[],"fullName":"Creation E2E Tests cancelCreation API BUG-C022: 状态不允许取消 BUG-C022-T3: CANCELED 状态应返回 409 错误","invocations":1,"location":null,"numPassingAsserts":3,"retryReasons":[],"status":"passed","title":"BUG-C022-T3: CANCELED 状态应返回 409 错误"},{"ancestorTitles":["Creation E2E Tests","cancelCreation API","cancelCreation 正常流程"],"duration":3,"failureDetails":[],"failureMessages":[],"fullName":"Creation E2E Tests cancelCreation API cancelCreation 正常流程 NORMAL-T1: PENDING 状态应正确取消","invocations":1,"location":null,"numPassingAsserts":1,"retryReasons":[],"status":"passed","title":"NORMAL-T1: PENDING 状态应正确取消"},{"ancestorTitles":["Creation E2E Tests","cancelCreation API","cancelCreation 正常流程"],"duration":1,"failureDetails":[],"failureMessages":[],"fullName":"Creation E2E Tests cancelCreation API cancelCreation 正常流程 NORMAL-T2: PROCESSING 状态应正确取消","invocations":1,"location":null,"numPassingAsserts":1,"retryReasons":[],"status":"passed","title":"NORMAL-T2: PROCESSING 状态应正确取消"},{"ancestorTitles":["Creation E2E Tests","listCreations API","listCreations 正常流程"],"duration":3,"failureDetails":[],"failureMessages":[],"fullName":"Creation E2E Tests listCreations API listCreations 正常流程 NORMAL-T1: 应正确返回创作列表","invocations":1,"location":null,"numPassingAsserts":1,"retryReasons":[],"status":"passed","title":"NORMAL-T1: 应正确返回创作列表"},{"ancestorTitles":["Creation E2E Tests","listCreations API","listCreations 正常流程"],"duration":3,"failureDetails":[],"failureMessages":[],"fullName":"Creation E2E Tests listCreations API listCreations 正常流程 NORMAL-T2: 应正确过滤状态","invocations":1,"location":null,"numPassingAsserts":9,"retryReasons":[],"status":"passed","title":"NORMAL-T2: 应正确过滤状态"},{"ancestorTitles":["Creation E2E Tests","listCreations API","listCreations 正常流程"],"duration":2,"failureDetails":[],"failureMessages":[],"fullName":"Creation E2E Tests listCreations API listCreations 正常流程 NORMAL-T3: 应正确处理空列表","invocations":1,"location":null,"numPassingAsserts":1,"retryReasons":[],"status":"passed","title":"NORMAL-T3: 应正确处理空列表"},{"ancestorTitles":["Creation E2E Tests","listCreations API","listCreations 正常流程"],"duration":3,"failureDetails":[],"failureMessages":[],"fullName":"Creation E2E Tests listCreations API listCreations 正常流程 NORMAL-T4: 应正确处理分页","invocations":1,"location":null,"numPassingAsserts":3,"retryReasons":[],"status":"passed","title":"NORMAL-T4: 应正确处理分页"},{"ancestorTitles":["Creation E2E Tests","retryCreation API","BUG-C040: creation_id 校验"],"duration":1,"failureDetails":[],"failureMessages":[],"fullName":"Creation E2E Tests retryCreation API BUG-C040: creation_id 校验 BUG-C040-T1: 空 creation_id 应返回 400 错误","invocations":1,"location":null,"numPassingAsserts":3,"retryReasons":[],"status":"passed","title":"BUG-C040-T1: 空 creation_id 应返回 400 错误"},{"ancestorTitles":["Creation E2E Tests","retryCreation API","BUG-C040: creation_id 校验"],"duration":2,"failureDetails":[],"failureMessages":[],"fullName":"Creation E2E Tests retryCreation API BUG-C040: creation_id 校验 BUG-C040-T2: 无效的 UUID 格式应返回 400 错误","invocations":1,"location":null,"numPassingAsserts":3,"retryReasons":[],"status":"passed","title":"BUG-C040-T2: 无效的 UUID 格式应返回 400 错误"},{"ancestorTitles":["Creation E2E Tests","retryCreation API","BUG-C041: 创作不存在处理"],"duration":2,"failureDetails":[],"failureMessages":[],"fullName":"Creation E2E Tests retryCreation API BUG-C041: 创作不存在处理 BUG-C041-T1: 不存在的 creation_id 应返回 404 错误","invocations":1,"location":null,"numPassingAsserts":3,"retryReasons":[],"status":"passed","title":"BUG-C041-T1: 不存在的 creation_id 应返回 404 错误"},{"ancestorTitles":["Creation E2E Tests","retryCreation API","BUG-C042: 状态不允许重试"],"duration":2,"failureDetails":[],"failureMessages":[],"fullName":"Creation E2E Tests retryCreation API BUG-C042: 状态不允许重试 BUG-C042-T1: FINISHED 状态应返回 409 错误","invocations":1,"location":null,"numPassingAsserts":3,"retryReasons":[],"status":"passed","title":"BUG-C042-T1: FINISHED 状态应返回 409 错误"},{"ancestorTitles":["Creation E2E Tests","retryCreation API","BUG-C042: 状态不允许重试"],"duration":2,"failureDetails":[],"failureMessages":[],"fullName":"Creation E2E Tests retryCreation API BUG-C042: 状态不允许重试 BUG-C042-T2: PENDING 状态应返回 409 错误","invocations":1,"location":null,"numPassingAsserts":3,"retryReasons":[],"status":"passed","title":"BUG-C042-T2: PENDING 状态应返回 409 错误"},{"ancestorTitles":["Creation E2E Tests","retryCreation API","retryCreation 正常流程"],"duration":7565,"failureDetails":[{"matcherResult":{"actual":false,"expected":true,"message":"\u001b[2mexpect(\u001b[22m\u001b[31mreceived\u001b[39m\u001b[2m).\u001b[22mtoBe\u001b[2m(\u001b[22m\u001b[32mexpected\u001b[39m\u001b[2m) // Object.is equality\u001b[22m\n\nExpected: \u001b[32mtrue\u001b[39m\nReceived: \u001b[31mfalse\u001b[39m","name":"toBe","pass":false}}],"failureMessages":["Error: \u001b[2mexpect(\u001b[22m\u001b[31mreceived\u001b[39m\u001b[2m).\u001b[22mtoBe\u001b[2m(\u001b[22m\u001b[32mexpected\u001b[39m\u001b[2m) // Object.is equality\u001b[22m\n\nExpected: \u001b[32mtrue\u001b[39m\nReceived: \u001b[31mfalse\u001b[39m\n    at Object.<anonymous> (D:\\字节\\apps\\server-gateway\\test\\creation.e2e-spec.ts:986:39)\n    at processTicksAndRejections (node:internal/process/task_queues:103:5)"],"fullName":"Creation E2E Tests retryCreation API retryCreation 正常流程 NORMAL-T1: FAILED 状态应正确重试","invocations":1,"location":null,"numPassingAsserts":0,"retryReasons":[],"status":"failed","title":"NORMAL-T1: FAILED 状态应正确重试"},{"ancestorTitles":["Creation E2E Tests","retryCreation API","retryCreation 正常流程"],"duration":7593,"failureDetails":[{"matcherResult":{"actual":false,"expected":true,"message":"\u001b[2mexpect(\u001b[22m\u001b[31mreceived\u001b[39m\u001b[2m).\u001b[22mtoBe\u001b[2m(\u001b[22m\u001b[32mexpected\u001b[39m\u001b[2m) // Object.is equality\u001b[22m\n\nExpected: \u001b[32mtrue\u001b[39m\nReceived: \u001b[31mfalse\u001b[39m","name":"toBe","pass":false}}],"failureMessages":["Error: \u001b[2mexpect(\u001b[22m\u001b[31mreceived\u001b[39m\u001b[2m).\u001b[22mtoBe\u001b[2m(\u001b[22m\u001b[32mexpected\u001b[39m\u001b[2m) // Object.is equality\u001b[22m\n\nExpected: \u001b[32mtrue\u001b[39m\nReceived: \u001b[31mfalse\u001b[39m\n    at Object.<anonymous> (D:\\字节\\apps\\server-gateway\\test\\creation.e2e-spec.ts:1002:39)\n    at processTicksAndRejections (node:internal/process/task_queues:103:5)"],"fullName":"Creation E2E Tests retryCreation API retryCreation 正常流程 NORMAL-T2: CANCELED 状态应正确重试","invocations":1,"location":null,"numPassingAsserts":0,"retryReasons":[],"status":"failed","title":"NORMAL-T2: CANCELED 状态应正确重试"},{"ancestorTitles":["Creation E2E Tests","exportCreation API","BUG-C050: creation_id 校验"],"duration":3,"failureDetails":[],"failureMessages":[],"fullName":"Creation E2E Tests exportCreation API BUG-C050: creation_id 校验 BUG-C050-T1: 空 creation_id 应返回 400 错误","invocations":1,"location":null,"numPassingAsserts":3,"retryReasons":[],"status":"passed","title":"BUG-C050-T1: 空 creation_id 应返回 400 错误"},{"ancestorTitles":["Creation E2E Tests","exportCreation API","BUG-C051: 创作不存在处理"],"duration":2,"failureDetails":[],"failureMessages":[],"fullName":"Creation E2E Tests exportCreation API BUG-C051: 创作不存在处理 BUG-C051-T1: 不存在的 creation_id 应返回 404 错误","invocations":1,"location":null,"numPassingAsserts":3,"retryReasons":[],"status":"passed","title":"BUG-C051-T1: 不存在的 creation_id 应返回 404 错误"},{"ancestorTitles":["Creation E2E Tests","exportCreation API","BUG-C052: 状态不允许导出"],"duration":2,"failureDetails":[],"failureMessages":[],"fullName":"Creation E2E Tests exportCreation API BUG-C052: 状态不允许导出 BUG-C052-T1: PENDING 状态应返回 409 错误","invocations":1,"location":null,"numPassingAsserts":3,"retryReasons":[],"status":"passed","title":"BUG-C052-T1: PENDING 状态应返回 409 错误"},{"ancestorTitles":["Creation E2E Tests","exportCreation API","BUG-C052: 状态不允许导出"],"duration":1,"failureDetails":[],"failureMessages":[],"fullName":"Creation E2E Tests exportCreation API BUG-C052: 状态不允许导出 BUG-C052-T2: PROCESSING 状态应返回 409 错误","invocations":1,"location":null,"numPassingAsserts":3,"retryReasons":[],"status":"passed","title":"BUG-C052-T2: PROCESSING 状态应返回 409 错误"},{"ancestorTitles":["Creation E2E Tests","exportCreation API","BUG-C052: 状态不允许导出"],"duration":2,"failureDetails":[],"failureMessages":[],"fullName":"Creation E2E Tests exportCreation API BUG-C052: 状态不允许导出 BUG-C052-T3: FINISHED 但无视频应返回 400 错误","invocations":1,"location":null,"numPassingAsserts":3,"retryReasons":[],"status":"passed","title":"BUG-C052-T3: FINISHED 但无视频应返回 400 错误"},{"ancestorTitles":["Creation E2E Tests","exportCreation API","exportCreation 正常流程"],"duration":2,"failureDetails":[],"failureMessages":[],"fullName":"Creation E2E Tests exportCreation API exportCreation 正常流程 NORMAL-T1: FINISHED 状态应正确导出","invocations":1,"location":null,"numPassingAsserts":1,"retryReasons":[],"status":"passed","title":"NORMAL-T1: FINISHED 状态应正确导出"},{"ancestorTitles":["Creation E2E Tests","exportCreation API","exportCreation 正常流程"],"duration":2,"failureDetails":[],"failureMessages":[],"fullName":"Creation E2E Tests exportCreation API exportCreation 正常流程 NORMAL-T2: 重新导出不同格式应入队","invocations":1,"location":null,"numPassingAsserts":2,"retryReasons":[],"status":"passed","title":"NORMAL-T2: 重新导出不同格式应入队"},{"ancestorTitles":["Creation E2E Tests","rerenderShot API","BUG-C060: creation_id 校验"],"duration":2,"failureDetails":[],"failureMessages":[],"fullName":"Creation E2E Tests rerenderShot API BUG-C060: creation_id 校验 BUG-C060-T1: 空 creation_id 应返回 400 错误","invocations":1,"location":null,"numPassingAsserts":3,"retryReasons":[],"status":"passed","title":"BUG-C060-T1: 空 creation_id 应返回 400 错误"},{"ancestorTitles":["Creation E2E Tests","rerenderShot API","BUG-C061: 创作不存在处理"],"duration":1,"failureDetails":[],"failureMessages":[],"fullName":"Creation E2E Tests rerenderShot API BUG-C061: 创作不存在处理 BUG-C061-T1: 不存在的 creation_id 应返回 404 错误","invocations":1,"location":null,"numPassingAsserts":3,"retryReasons":[],"status":"passed","title":"BUG-C061-T1: 不存在的 creation_id 应返回 404 错误"},{"ancestorTitles":["Creation E2E Tests","rerenderShot API","BUG-C062: 状态不允许重渲染"],"duration":2,"failureDetails":[],"failureMessages":[],"fullName":"Creation E2E Tests rerenderShot API BUG-C062: 状态不允许重渲染 BUG-C062-T1: PENDING 状态应返回 409 错误","invocations":1,"location":null,"numPassingAsserts":3,"retryReasons":[],"status":"passed","title":"BUG-C062-T1: PENDING 状态应返回 409 错误"},{"ancestorTitles":["Creation E2E Tests","rerenderShot API","rerenderShot 正常流程"],"duration":2,"failureDetails":[],"failureMessages":[],"fullName":"Creation E2E Tests rerenderShot API rerenderShot 正常流程 NORMAL-T1: PROCESSING 状态应正确重渲染","invocations":1,"location":null,"numPassingAsserts":1,"retryReasons":[],"status":"passed","title":"NORMAL-T1: PROCESSING 状态应正确重渲染"},{"ancestorTitles":["Creation E2E Tests","边界条件测试","engine_mode 边界值"],"duration":7587,"failureDetails":[{}],"failureMessages":["TypeError: Cannot read properties of undefined (reading 'creation_id')\n    at Object.<anonymous> (D:\\字节\\apps\\server-gateway\\test\\creation.e2e-spec.ts:1264:35)\n    at processTicksAndRejections (node:internal/process/task_queues:103:5)"],"fullName":"Creation E2E Tests 边界条件测试 engine_mode 边界值 BOUNDARY-T1: 默认 engine_mode 应使用 SCRIPT_DRIVEN","invocations":1,"location":null,"numPassingAsserts":0,"retryReasons":[],"status":"failed","title":"BOUNDARY-T1: 默认 engine_mode 应使用 SCRIPT_DRIVEN"},{"ancestorTitles":["Creation E2E Tests","边界条件测试","engine_mode 边界值"],"duration":7588,"failureDetails":[{"matcherResult":{"actual":false,"expected":true,"message":"\u001b[2mexpect(\u001b[22m\u001b[31mreceived\u001b[39m\u001b[2m).\u001b[22mtoBe\u001b[2m(\u001b[22m\u001b[32mexpected\u001b[39m\u001b[2m) // Object.is equality\u001b[22m\n\nExpected: \u001b[32mtrue\u001b[39m\nReceived: \u001b[31mfalse\u001b[39m","name":"toBe","pass":false}}],"failureMessages":["Error: \u001b[2mexpect(\u001b[22m\u001b[31mreceived\u001b[39m\u001b[2m).\u001b[22mtoBe\u001b[2m(\u001b[22m\u001b[32mexpected\u001b[39m\u001b[2m) // Object.is equality\u001b[22m\n\nExpected: \u001b[32mtrue\u001b[39m\nReceived: \u001b[31mfalse\u001b[39m\n    at Object.<anonymous> (D:\\字节\\apps\\server-gateway\\test\\creation.e2e-spec.ts:1277:39)\n    at processTicksAndRejections (node:internal/process/task_queues:103:5)"],"fullName":"Creation E2E Tests 边界条件测试 engine_mode 边界值 BOUNDARY-T2: 无效的 engine_mode 应使用默认值处理","invocations":1,"location":null,"numPassingAsserts":0,"retryReasons":[],"status":"failed","title":"BOUNDARY-T2: 无效的 engine_mode 应使用默认值处理"},{"ancestorTitles":["Creation E2E Tests","边界条件测试","target_resolution 边界值"],"duration":7585,"failureDetails":[{}],"failureMessages":["TypeError: Cannot read properties of undefined (reading 'creation_id')\n    at Object.<anonymous> (D:\\字节\\apps\\server-gateway\\test\\creation.e2e-spec.ts:1296:37)\n    at processTicksAndRejections (node:internal/process/task_queues:103:5)"],"fullName":"Creation E2E Tests 边界条件测试 target_resolution 边界值 BOUNDARY-T3: 支持的标准分辨率应正确处理","invocations":1,"location":null,"numPassingAsserts":0,"retryReasons":[],"status":"failed","title":"BOUNDARY-T3: 支持的标准分辨率应正确处理"},{"ancestorTitles":["Creation E2E Tests","边界条件测试","export_format 边界值"],"duration":7564,"failureDetails":[{}],"failureMessages":["TypeError: Cannot read properties of undefined (reading 'creation_id')\n    at Object.<anonymous> (D:\\字节\\apps\\server-gateway\\test\\creation.e2e-spec.ts:1315:37)\n    at processTicksAndRejections (node:internal/process/task_queues:103:5)"],"fullName":"Creation E2E Tests 边界条件测试 export_format 边界值 BOUNDARY-T4: 支持的导出格式应正确处理","invocations":1,"location":null,"numPassingAsserts":0,"retryReasons":[],"status":"failed","title":"BOUNDARY-T4: 支持的导出格式应正确处理"},{"ancestorTitles":["Creation E2E Tests","性能测试"],"duration":3,"failureDetails":[],"failureMessages":[],"fullName":"Creation E2E Tests 性能测试 PERF-T1: 大量数据列表查询应在合理时间内完成","invocations":1,"location":null,"numPassingAsserts":1,"retryReasons":[],"status":"passed","title":"PERF-T1: 大量数据列表查询应在合理时间内完成"},{"ancestorTitles":["Creation E2E Tests","并发测试"],"duration":7592,"failureDetails":[{}],"failureMessages":["TypeError: Cannot read properties of undefined (reading 'creation_id')\n    at D:\\字节\\apps\\server-gateway\\test\\creation.e2e-spec.ts:1366:35\n    at Array.forEach (<anonymous>)\n    at Object.<anonymous> (D:\\字节\\apps\\server-gateway\\test\\creation.e2e-spec.ts:1365:17)\n    at processTicksAndRejections (node:internal/process/task_queues:103:5)"],"fullName":"Creation E2E Tests 并发测试 CONCURRENT-T1: 并发创建多个创作应正确处理","invocations":1,"location":null,"numPassingAsserts":0,"retryReasons":[],"status":"failed","title":"CONCURRENT-T1: 并发创建多个创作应正确处理"}],"endTime":1780895924283,"message":"\u001b[1m\u001b[31m  \u001b[1m● \u001b[22m\u001b[1mCreation E2E Tests › createCreation API › createCreation 正常流程 › NORMAL-T1: SCRIPT_DRIVEN 模式应正确创建创作\u001b[39m\u001b[22m\n\n    \u001b[2mexpect(\u001b[22m\u001b[31mreceived\u001b[39m\u001b[2m).\u001b[22mtoMatchObject\u001b[2m(\u001b[22m\u001b[32mexpected\u001b[39m\u001b[2m)\u001b[22m\n\n    \u001b[1mMatcher error\u001b[22m: \u001b[31mreceived\u001b[39m value must be a non-null object\n\n    Received has value: \u001b[31mundefined\u001b[39m\n\u001b[2m\u001b[22m\n\u001b[2m    \u001b[0m \u001b[90m 484 |\u001b[39m           \u001b[33m.\u001b[39mexpect(\u001b[35m200\u001b[39m)\u001b[33m;\u001b[39m\u001b[22m\n\u001b[2m     \u001b[90m 485 |\u001b[39m\u001b[22m\n\u001b[2m    \u001b[31m\u001b[1m>\u001b[22m\u001b[2m\u001b[39m\u001b[90m 486 |\u001b[39m         expect(response\u001b[33m.\u001b[39mbody\u001b[33m.\u001b[39mdata)\u001b[33m.\u001b[39mtoMatchObject({\u001b[22m\n\u001b[2m     \u001b[90m     |\u001b[39m                                    \u001b[31m\u001b[1m^\u001b[22m\u001b[2m\u001b[39m\u001b[22m\n\u001b[2m     \u001b[90m 487 |\u001b[39m           status\u001b[33m:\u001b[39m \u001b[32m'PENDING'\u001b[39m\u001b[33m,\u001b[39m\u001b[22m\n\u001b[2m     \u001b[90m 488 |\u001b[39m         })\u001b[33m;\u001b[39m\u001b[22m\n\u001b[2m     \u001b[90m 489 |\u001b[39m         expect(response\u001b[33m.\u001b[39mbody\u001b[33m.\u001b[39mdata\u001b[33m.\u001b[39mcreation_id)\u001b[33m.\u001b[39mtoBeDefined()\u001b[33m;\u001b[39m\u001b[0m\u001b[22m\n\u001b[2m\u001b[22m\n\u001b[2m      \u001b[2mat Object.<anonymous> (\u001b[22m\u001b[2m\u001b[0m\u001b[36mtest/creation.e2e-spec.ts\u001b[39m\u001b[0m\u001b[2m:486:36)\u001b[22m\u001b[2m\u001b[22m\n\n\u001b[1m\u001b[31m  \u001b[1m● \u001b[22m\u001b[1mCreation E2E Tests › createCreation API › createCreation 正常流程 › NORMAL-T2: 应正确处理所有可选参数\u001b[39m\u001b[22m\n\n    TypeError: Cannot read properties of undefined (reading 'creation_id')\n\u001b[2m\u001b[22m\n\u001b[2m    \u001b[0m \u001b[90m 506 |\u001b[39m           \u001b[33m.\u001b[39mexpect(\u001b[35m200\u001b[39m)\u001b[33m;\u001b[39m\u001b[22m\n\u001b[2m     \u001b[90m 507 |\u001b[39m\u001b[22m\n\u001b[2m    \u001b[31m\u001b[1m>\u001b[22m\u001b[2m\u001b[39m\u001b[90m 508 |\u001b[39m         expect(response\u001b[33m.\u001b[39mbody\u001b[33m.\u001b[39mdata\u001b[33m.\u001b[39mcreation_id)\u001b[33m.\u001b[39mtoBeDefined()\u001b[33m;\u001b[39m\u001b[22m\n\u001b[2m     \u001b[90m     |\u001b[39m                                   \u001b[31m\u001b[1m^\u001b[22m\u001b[2m\u001b[39m\u001b[22m\n\u001b[2m     \u001b[90m 509 |\u001b[39m       })\u001b[33m;\u001b[39m\u001b[22m\n\u001b[2m     \u001b[90m 510 |\u001b[39m\u001b[22m\n\u001b[2m     \u001b[90m 511 |\u001b[39m       it(\u001b[32m'NORMAL-T3: 应正确处理目标语言参数'\u001b[39m\u001b[33m,\u001b[39m \u001b[36masync\u001b[39m () \u001b[33m=>\u001b[39m {\u001b[0m\u001b[22m\n\u001b[2m\u001b[22m\n\u001b[2m      \u001b[2mat Object.<anonymous> (\u001b[22m\u001b[2m\u001b[0m\u001b[36mtest/creation.e2e-spec.ts\u001b[39m\u001b[0m\u001b[2m:508:35)\u001b[22m\u001b[2m\u001b[22m\n\n\u001b[1m\u001b[31m  \u001b[1m● \u001b[22m\u001b[1mCreation E2E Tests › createCreation API › createCreation 正常流程 › NORMAL-T3: 应正确处理目标语言参数\u001b[39m\u001b[22m\n\n    \u001b[2mexpect(\u001b[22m\u001b[31mreceived\u001b[39m\u001b[2m).\u001b[22mtoBe\u001b[2m(\u001b[22m\u001b[32mexpected\u001b[39m\u001b[2m) // Object.is equality\u001b[22m\n\n    Expected: \u001b[32mtrue\u001b[39m\n    Received: \u001b[31mfalse\u001b[39m\n\u001b[2m\u001b[22m\n\u001b[2m    \u001b[0m \u001b[90m 521 |\u001b[39m           \u001b[33m.\u001b[39mexpect(\u001b[35m200\u001b[39m)\u001b[33m;\u001b[39m\u001b[22m\n\u001b[2m     \u001b[90m 522 |\u001b[39m\u001b[22m\n\u001b[2m    \u001b[31m\u001b[1m>\u001b[22m\u001b[2m\u001b[39m\u001b[90m 523 |\u001b[39m         expect(response\u001b[33m.\u001b[39mbody\u001b[33m.\u001b[39msuccess)\u001b[33m.\u001b[39mtoBe(\u001b[36mtrue\u001b[39m)\u001b[33m;\u001b[39m\u001b[22m\n\u001b[2m     \u001b[90m     |\u001b[39m                                       \u001b[31m\u001b[1m^\u001b[22m\u001b[2m\u001b[39m\u001b[22m\n\u001b[2m     \u001b[90m 524 |\u001b[39m         expect(response\u001b[33m.\u001b[39mbody\u001b[33m.\u001b[39mdata\u001b[33m.\u001b[39mcreation_id)\u001b[33m.\u001b[39mtoBeDefined()\u001b[33m;\u001b[39m\u001b[22m\n\u001b[2m     \u001b[90m 525 |\u001b[39m       }\u001b[33m,\u001b[39m \u001b[35m60000\u001b[39m)\u001b[33m;\u001b[39m\u001b[22m\n\u001b[2m     \u001b[90m 526 |\u001b[39m     })\u001b[33m;\u001b[39m\u001b[0m\u001b[22m\n\u001b[2m\u001b[22m\n\u001b[2m      \u001b[2mat Object.<anonymous> (\u001b[22m\u001b[2m\u001b[0m\u001b[36mtest/creation.e2e-spec.ts\u001b[39m\u001b[0m\u001b[2m:523:39)\u001b[22m\u001b[2m\u001b[22m\n\n\u001b[1m\u001b[31m  \u001b[1m● \u001b[22m\u001b[1mCreation E2E Tests › retryCreation API › retryCreation 正常流程 › NORMAL-T1: FAILED 状态应正确重试\u001b[39m\u001b[22m\n\n    \u001b[2mexpect(\u001b[22m\u001b[31mreceived\u001b[39m\u001b[2m).\u001b[22mtoBe\u001b[2m(\u001b[22m\u001b[32mexpected\u001b[39m\u001b[2m) // Object.is equality\u001b[22m\n\n    Expected: \u001b[32mtrue\u001b[39m\n    Received: \u001b[31mfalse\u001b[39m\n\u001b[2m\u001b[22m\n\u001b[2m    \u001b[0m \u001b[90m 984 |\u001b[39m           \u001b[33m.\u001b[39mexpect(\u001b[35m200\u001b[39m)\u001b[33m;\u001b[39m\u001b[22m\n\u001b[2m     \u001b[90m 985 |\u001b[39m\u001b[22m\n\u001b[2m    \u001b[31m\u001b[1m>\u001b[22m\u001b[2m\u001b[39m\u001b[90m 986 |\u001b[39m         expect(response\u001b[33m.\u001b[39mbody\u001b[33m.\u001b[39msuccess)\u001b[33m.\u001b[39mtoBe(\u001b[36mtrue\u001b[39m)\u001b[33m;\u001b[39m\u001b[22m\n\u001b[2m     \u001b[90m     |\u001b[39m                                       \u001b[31m\u001b[1m^\u001b[22m\u001b[2m\u001b[39m\u001b[22m\n\u001b[2m     \u001b[90m 987 |\u001b[39m         \u001b[36mif\u001b[39m (response\u001b[33m.\u001b[39mbody\u001b[33m.\u001b[39mdata) {\u001b[22m\n\u001b[2m     \u001b[90m 988 |\u001b[39m           expect(response\u001b[33m.\u001b[39mbody\u001b[33m.\u001b[39mdata\u001b[33m.\u001b[39mcreation_id)\u001b[33m.\u001b[39mtoBeDefined()\u001b[33m;\u001b[39m\u001b[22m\n\u001b[2m     \u001b[90m 989 |\u001b[39m         }\u001b[0m\u001b[22m\n\u001b[2m\u001b[22m\n\u001b[2m      \u001b[2mat Object.<anonymous> (\u001b[22m\u001b[2m\u001b[0m\u001b[36mtest/creation.e2e-spec.ts\u001b[39m\u001b[0m\u001b[2m:986:39)\u001b[22m\u001b[2m\u001b[22m\n\n\u001b[1m\u001b[31m  \u001b[1m● \u001b[22m\u001b[1mCreation E2E Tests › retryCreation API › retryCreation 正常流程 › NORMAL-T2: CANCELED 状态应正确重试\u001b[39m\u001b[22m\n\n    \u001b[2mexpect(\u001b[22m\u001b[31mreceived\u001b[39m\u001b[2m).\u001b[22mtoBe\u001b[2m(\u001b[22m\u001b[32mexpected\u001b[39m\u001b[2m) // Object.is equality\u001b[22m\n\n    Expected: \u001b[32mtrue\u001b[39m\n    Received: \u001b[31mfalse\u001b[39m\n\u001b[2m\u001b[22m\n\u001b[2m    \u001b[0m \u001b[90m 1000 |\u001b[39m           \u001b[33m.\u001b[39mexpect(\u001b[35m200\u001b[39m)\u001b[33m;\u001b[39m\u001b[22m\n\u001b[2m     \u001b[90m 1001 |\u001b[39m\u001b[22m\n\u001b[2m    \u001b[31m\u001b[1m>\u001b[22m\u001b[2m\u001b[39m\u001b[90m 1002 |\u001b[39m         expect(response\u001b[33m.\u001b[39mbody\u001b[33m.\u001b[39msuccess)\u001b[33m.\u001b[39mtoBe(\u001b[36mtrue\u001b[39m)\u001b[33m;\u001b[39m\u001b[22m\n\u001b[2m     \u001b[90m      |\u001b[39m                                       \u001b[31m\u001b[1m^\u001b[22m\u001b[2m\u001b[39m\u001b[22m\n\u001b[2m     \u001b[90m 1003 |\u001b[39m         \u001b[36mif\u001b[39m (response\u001b[33m.\u001b[39mbody\u001b[33m.\u001b[39mdata) {\u001b[22m\n\u001b[2m     \u001b[90m 1004 |\u001b[39m           expect(response\u001b[33m.\u001b[39mbody\u001b[33m.\u001b[39mdata\u001b[33m.\u001b[39mcreation_id)\u001b[33m.\u001b[39mtoBeDefined()\u001b[33m;\u001b[39m\u001b[22m\n\u001b[2m     \u001b[90m 1005 |\u001b[39m         }\u001b[0m\u001b[22m\n\u001b[2m\u001b[22m\n\u001b[2m      \u001b[2mat Object.<anonymous> (\u001b[22m\u001b[2m\u001b[0m\u001b[36mtest/creation.e2e-spec.ts\u001b[39m\u001b[0m\u001b[2m:1002:39)\u001b[22m\u001b[2m\u001b[22m\n\n\u001b[1m\u001b[31m  \u001b[1m● \u001b[22m\u001b[1mCreation E2E Tests › 边界条件测试 › engine_mode 边界值 › BOUNDARY-T1: 默认 engine_mode 应使用 SCRIPT_DRIVEN\u001b[39m\u001b[22m\n\n    TypeError: Cannot read properties of undefined (reading 'creation_id')\n\u001b[2m\u001b[22m\n\u001b[2m    \u001b[0m \u001b[90m 1262 |\u001b[39m           \u001b[33m.\u001b[39mexpect(\u001b[35m200\u001b[39m)\u001b[33m;\u001b[39m\u001b[22m\n\u001b[2m     \u001b[90m 1263 |\u001b[39m\u001b[22m\n\u001b[2m    \u001b[31m\u001b[1m>\u001b[22m\u001b[2m\u001b[39m\u001b[90m 1264 |\u001b[39m         expect(response\u001b[33m.\u001b[39mbody\u001b[33m.\u001b[39mdata\u001b[33m.\u001b[39mcreation_id)\u001b[33m.\u001b[39mtoBeDefined()\u001b[33m;\u001b[39m\u001b[22m\n\u001b[2m     \u001b[90m      |\u001b[39m                                   \u001b[31m\u001b[1m^\u001b[22m\u001b[2m\u001b[39m\u001b[22m\n\u001b[2m     \u001b[90m 1265 |\u001b[39m       })\u001b[33m;\u001b[39m\u001b[22m\n\u001b[2m     \u001b[90m 1266 |\u001b[39m\u001b[22m\n\u001b[2m     \u001b[90m 1267 |\u001b[39m       it(\u001b[32m'BOUNDARY-T2: 无效的 engine_mode 应使用默认值处理'\u001b[39m\u001b[33m,\u001b[39m \u001b[36masync\u001b[39m () \u001b[33m=>\u001b[39m {\u001b[0m\u001b[22m\n\u001b[2m\u001b[22m\n\u001b[2m      \u001b[2mat Object.<anonymous> (\u001b[22m\u001b[2m\u001b[0m\u001b[36mtest/creation.e2e-spec.ts\u001b[39m\u001b[0m\u001b[2m:1264:35)\u001b[22m\u001b[2m\u001b[22m\n\n\u001b[1m\u001b[31m  \u001b[1m● \u001b[22m\u001b[1mCreation E2E Tests › 边界条件测试 › engine_mode 边界值 › BOUNDARY-T2: 无效的 engine_mode 应使用默认值处理\u001b[39m\u001b[22m\n\n    \u001b[2mexpect(\u001b[22m\u001b[31mreceived\u001b[39m\u001b[2m).\u001b[22mtoBe\u001b[2m(\u001b[22m\u001b[32mexpected\u001b[39m\u001b[2m) // Object.is equality\u001b[22m\n\n    Expected: \u001b[32mtrue\u001b[39m\n    Received: \u001b[31mfalse\u001b[39m\n\u001b[2m\u001b[22m\n\u001b[2m    \u001b[0m \u001b[90m 1275 |\u001b[39m           \u001b[33m.\u001b[39mexpect(\u001b[35m200\u001b[39m)\u001b[33m;\u001b[39m\u001b[22m\n\u001b[2m     \u001b[90m 1276 |\u001b[39m\u001b[22m\n\u001b[2m    \u001b[31m\u001b[1m>\u001b[22m\u001b[2m\u001b[39m\u001b[90m 1277 |\u001b[39m         expect(response\u001b[33m.\u001b[39mbody\u001b[33m.\u001b[39msuccess)\u001b[33m.\u001b[39mtoBe(\u001b[36mtrue\u001b[39m)\u001b[33m;\u001b[39m\u001b[22m\n\u001b[2m     \u001b[90m      |\u001b[39m                                       \u001b[31m\u001b[1m^\u001b[22m\u001b[2m\u001b[39m\u001b[22m\n\u001b[2m     \u001b[90m 1278 |\u001b[39m         expect(response\u001b[33m.\u001b[39mbody\u001b[33m.\u001b[39mdata\u001b[33m.\u001b[39mcreation_id)\u001b[33m.\u001b[39mtoBeDefined()\u001b[33m;\u001b[39m\u001b[22m\n\u001b[2m     \u001b[90m 1279 |\u001b[39m       })\u001b[33m;\u001b[39m\u001b[22m\n\u001b[2m     \u001b[90m 1280 |\u001b[39m     })\u001b[33m;\u001b[39m\u001b[0m\u001b[22m\n\u001b[2m\u001b[22m\n\u001b[2m      \u001b[2mat Object.<anonymous> (\u001b[22m\u001b[2m\u001b[0m\u001b[36mtest/creation.e2e-spec.ts\u001b[39m\u001b[0m\u001b[2m:1277:39)\u001b[22m\u001b[2m\u001b[22m\n\n\u001b[1m\u001b[31m  \u001b[1m● \u001b[22m\u001b[1mCreation E2E Tests › 边界条件测试 › target_resolution 边界值 › BOUNDARY-T3: 支持的标准分辨率应正确处理\u001b[39m\u001b[22m\n\n    TypeError: Cannot read properties of undefined (reading 'creation_id')\n\u001b[2m\u001b[22m\n\u001b[2m    \u001b[0m \u001b[90m 1294 |\u001b[39m             \u001b[33m.\u001b[39mexpect(\u001b[35m200\u001b[39m)\u001b[33m;\u001b[39m\u001b[22m\n\u001b[2m     \u001b[90m 1295 |\u001b[39m\u001b[22m\n\u001b[2m    \u001b[31m\u001b[1m>\u001b[22m\u001b[2m\u001b[39m\u001b[90m 1296 |\u001b[39m           expect(response\u001b[33m.\u001b[39mbody\u001b[33m.\u001b[39mdata\u001b[33m.\u001b[39mcreation_id)\u001b[33m.\u001b[39mtoBeDefined()\u001b[33m;\u001b[39m\u001b[22m\n\u001b[2m     \u001b[90m      |\u001b[39m                                     \u001b[31m\u001b[1m^\u001b[22m\u001b[2m\u001b[39m\u001b[22m\n\u001b[2m     \u001b[90m 1297 |\u001b[39m         }\u001b[22m\n\u001b[2m     \u001b[90m 1298 |\u001b[39m       })\u001b[33m;\u001b[39m\u001b[22m\n\u001b[2m     \u001b[90m 1299 |\u001b[39m     })\u001b[33m;\u001b[39m\u001b[0m\u001b[22m\n\u001b[2m\u001b[22m\n\u001b[2m      \u001b[2mat Object.<anonymous> (\u001b[22m\u001b[2m\u001b[0m\u001b[36mtest/creation.e2e-spec.ts\u001b[39m\u001b[0m\u001b[2m:1296:37)\u001b[22m\u001b[2m\u001b[22m\n\n\u001b[1m\u001b[31m  \u001b[1m● \u001b[22m\u001b[1mCreation E2E Tests › 边界条件测试 › export_format 边界值 › BOUNDARY-T4: 支持的导出格式应正确处理\u001b[39m\u001b[22m\n\n    TypeError: Cannot read properties of undefined (reading 'creation_id')\n\u001b[2m\u001b[22m\n\u001b[2m    \u001b[0m \u001b[90m 1313 |\u001b[39m             \u001b[33m.\u001b[39mexpect(\u001b[35m200\u001b[39m)\u001b[33m;\u001b[39m\u001b[22m\n\u001b[2m     \u001b[90m 1314 |\u001b[39m\u001b[22m\n\u001b[2m    \u001b[31m\u001b[1m>\u001b[22m\u001b[2m\u001b[39m\u001b[90m 1315 |\u001b[39m           expect(response\u001b[33m.\u001b[39mbody\u001b[33m.\u001b[39mdata\u001b[33m.\u001b[39mcreation_id)\u001b[33m.\u001b[39mtoBeDefined()\u001b[33m;\u001b[39m\u001b[22m\n\u001b[2m     \u001b[90m      |\u001b[39m                                     \u001b[31m\u001b[1m^\u001b[22m\u001b[2m\u001b[39m\u001b[22m\n\u001b[2m     \u001b[90m 1316 |\u001b[39m         }\u001b[22m\n\u001b[2m     \u001b[90m 1317 |\u001b[39m       })\u001b[33m;\u001b[39m\u001b[22m\n\u001b[2m     \u001b[90m 1318 |\u001b[39m     })\u001b[33m;\u001b[39m\u001b[0m\u001b[22m\n\u001b[2m\u001b[22m\n\u001b[2m      \u001b[2mat Object.<anonymous> (\u001b[22m\u001b[2m\u001b[0m\u001b[36mtest/creation.e2e-spec.ts\u001b[39m\u001b[0m\u001b[2m:1315:37)\u001b[22m\u001b[2m\u001b[22m\n\n\u001b[1m\u001b[31m  \u001b[1m● \u001b[22m\u001b[1mCreation E2E Tests › 并发测试 › CONCURRENT-T1: 并发创建多个创作应正确处理\u001b[39m\u001b[22m\n\n    TypeError: Cannot read properties of undefined (reading 'creation_id')\n\u001b[2m\u001b[22m\n\u001b[2m    \u001b[0m \u001b[90m 1364 |\u001b[39m\u001b[22m\n\u001b[2m     \u001b[90m 1365 |\u001b[39m       responses\u001b[33m.\u001b[39mforEach((response) \u001b[33m=>\u001b[39m {\u001b[22m\n\u001b[2m    \u001b[31m\u001b[1m>\u001b[22m\u001b[2m\u001b[39m\u001b[90m 1366 |\u001b[39m         expect(response\u001b[33m.\u001b[39mbody\u001b[33m.\u001b[39mdata\u001b[33m.\u001b[39mcreation_id)\u001b[33m.\u001b[39mtoBeDefined()\u001b[33m;\u001b[39m\u001b[22m\n\u001b[2m     \u001b[90m      |\u001b[39m                                   \u001b[31m\u001b[1m^\u001b[22m\u001b[2m\u001b[39m\u001b[22m\n\u001b[2m     \u001b[90m 1367 |\u001b[39m       })\u001b[33m;\u001b[39m\u001b[22m\n\u001b[2m     \u001b[90m 1368 |\u001b[39m     })\u001b[33m;\u001b[39m\u001b[22m\n\u001b[2m     \u001b[90m 1369 |\u001b[39m   })\u001b[33m;\u001b[39m\u001b[0m\u001b[22m\n\u001b[2m\u001b[22m\n\u001b[2m      \u001b[2mat \u001b[22m\u001b[2m\u001b[0m\u001b[36mtest/creation.e2e-spec.ts\u001b[39m\u001b[0m\u001b[2m:1366:35\u001b[22m\u001b[2m\u001b[22m\n\u001b[2m          at Array.forEach (<anonymous>)\u001b[22m\n\u001b[2m      \u001b[2mat Object.<anonymous> (\u001b[22m\u001b[2m\u001b[0m\u001b[36mtest/creation.e2e-spec.ts\u001b[39m\u001b[0m\u001b[2m:1365:17)\u001b[22m\u001b[2m\u001b[22m\n","name":"D:\\字节\\apps\\server-gateway\\test\\creation.e2e-spec.ts","startTime":1780895838077,"status":"failed","summary":""}],"wasInterrupted":false}
