{"numFailedTestSuites":1,"numFailedTests":0,"numPassedTestSuites":0,"numPassedTests":0,"numPendingTestSuites":0,"numPendingTests":0,"numRuntimeErrorTestSuites":1,"numTodoTests":0,"numTotalTestSuites":1,"numTotalTests":0,"openHandles":[],"snapshot":{"added":0,"didUpdate":false,"failure":false,"filesAdded":0,"filesRemoved":0,"filesRemovedList":[],"filesUnmatched":0,"filesUpdated":0,"matched":0,"total":0,"unchecked":0,"uncheckedKeysByFile":[],"unmatched":0,"updated":0},"startTime":1780893671497,"success":false,"testResults":[{"assertionResults":[],"coverage":{},"endTime":1780893679200,"message":"  ● Test suite failed to run\n\n    \u001b[96msrc/script/script.service.ts\u001b[0m:\u001b[93m3559\u001b[0m:\u001b[93m49\u001b[0m - \u001b[91merror\u001b[0m\u001b[90m TS2551: \u001b[0mProperty 'selling_points' does not exist on type '{ id: string; title: string; createdAt: Date; updatedAt: Date; category: string; targetAudience: string | null; sellingPoints: JsonValue; skuCode: string; scenarioTags: JsonValue; ... 7 more ...; richFeatures: JsonValue; }'. Did you mean 'sellingPoints'?\n\n    \u001b[7m3559\u001b[0m     const sellingPoints = Array.isArray(product.selling_points)\n    \u001b[7m    \u001b[0m \u001b[91m                                                ~~~~~~~~~~~~~~\u001b[0m\n    \u001b[96msrc/script/script.service.ts\u001b[0m:\u001b[93m3560\u001b[0m:\u001b[93m18\u001b[0m - \u001b[91merror\u001b[0m\u001b[90m TS2551: \u001b[0mProperty 'selling_points' does not exist on type '{ id: string; title: string; createdAt: Date; updatedAt: Date; category: string; targetAudience: string | null; sellingPoints: JsonValue; skuCode: string; scenarioTags: JsonValue; ... 7 more ...; richFeatures: JsonValue; }'. Did you mean 'sellingPoints'?\n\n    \u001b[7m3560\u001b[0m       ? (product.selling_points as string[])\n    \u001b[7m    \u001b[0m \u001b[91m                 ~~~~~~~~~~~~~~\u001b[0m\n    \u001b[96msrc/script/script.service.ts\u001b[0m:\u001b[93m3570\u001b[0m:\u001b[93m66\u001b[0m - \u001b[91merror\u001b[0m\u001b[90m TS2551: \u001b[0mProperty 'target_audience' does not exist on type '{ id: string; title: string; createdAt: Date; updatedAt: Date; category: string; targetAudience: string | null; sellingPoints: JsonValue; skuCode: string; scenarioTags: JsonValue; ... 7 more ...; richFeatures: JsonValue; }'. Did you mean 'targetAudience'?\n\n    \u001b[7m3570\u001b[0m         target_audience: String(script.targetAudience || product.target_audience || ''),\n    \u001b[7m    \u001b[0m \u001b[91m                                                                 ~~~~~~~~~~~~~~~\u001b[0m\n    \u001b[96msrc/script/script.service.ts\u001b[0m:\u001b[93m3574\u001b[0m:\u001b[93m18\u001b[0m - \u001b[91merror\u001b[0m\u001b[90m TS2488: \u001b[0mType 'string | number | true | JsonObject | JsonArray' must have a '[Symbol.iterator]()' method that returns an iterator.\n\n    \u001b[7m3574\u001b[0m           ...[...(script.constraintList || [])],\n    \u001b[7m    \u001b[0m \u001b[91m                 ~~~~~~~~~~~~~~~~~~~~~~~~~~~~~\u001b[0m\n","name":"D:\\字节\\apps\\server-gateway\\test\\script.e2e-spec.ts","startTime":1780893679200,"status":"failed","summary":""}],"wasInterrupted":false}
